=============================================================================
June 23, 2015 4:56:38 PM CEST

2: No such file
	at com.jcraft.jsch.ChannelSftp.throwStatusError(ChannelSftp.java:2629)
	at com.jcraft.jsch.ChannelSftp._realpath(ChannelSftp.java:2160)
	at com.jcraft.jsch.ChannelSftp.cd(ChannelSftp.java:315)
	at TransferPDFPaperClouds.main(TransferPDFPaperClouds.java:83)
=============================================================================
June 23, 2015 5:06:11 PM CEST

=============================================================================
June 23, 2015 5:08:10 PM CEST

=============================================================================
June 24, 2015 3:52:11 PM CEST

com.jcraft.jsch.JSchException: Auth fail
	at com.jcraft.jsch.Session.connect(Session.java:491)
	at com.jcraft.jsch.Session.connect(Session.java:162)
	at TransferPDFPaperClouds.main(TransferPDFPaperClouds.java:79)
=============================================================================
June 24, 2015 3:52:21 PM CEST

com.jcraft.jsch.JSchException: Auth fail
	at com.jcraft.jsch.Session.connect(Session.java:491)
	at com.jcraft.jsch.Session.connect(Session.java:162)
	at TransferPDFPaperClouds.main(TransferPDFPaperClouds.java:79)
=============================================================================
June 24, 2015 3:52:49 PM CEST

=============================================================================
June 24, 2015 4:02:15 PM CEST

=============================================================================
June 24, 2015 4:03:09 PM CEST

=============================================================================
June 24, 2015 4:14:35 PM CEST

java.lang.NullPointerException
	at javax.swing.ImageIcon.<init>(ImageIcon.java:205)
	at AuthUserLogin.<init>(AuthUserLogin.java:109)
	at TransferPDFPaperClouds.main(TransferPDFPaperClouds.java:74)
=============================================================================
June 24, 2015 4:14:46 PM CEST

java.lang.NullPointerException
	at javax.swing.ImageIcon.<init>(ImageIcon.java:205)
	at AuthUserLogin.<init>(AuthUserLogin.java:109)
	at TransferPDFPaperClouds.main(TransferPDFPaperClouds.java:74)
=============================================================================
June 24, 2015 4:15:39 PM CEST

java.lang.NullPointerException
	at javax.swing.ImageIcon.<init>(ImageIcon.java:205)
	at AuthUserLogin.<init>(AuthUserLogin.java:109)
	at TransferPDFPaperClouds.main(TransferPDFPaperClouds.java:74)
=============================================================================
June 24, 2015 4:16:24 PM CEST

=============================================================================
June 24, 2015 4:17:43 PM CEST

java.lang.NullPointerException
	at AuthUserLogin.<init>(AuthUserLogin.java:110)
	at TransferPDFPaperClouds.main(TransferPDFPaperClouds.java:74)
=============================================================================
June 24, 2015 4:18:05 PM CEST

=============================================================================
June 24, 2015 4:18:23 PM CEST

=============================================================================
June 24, 2015 4:19:14 PM CEST

=============================================================================
June 24, 2015 4:20:17 PM CEST

=============================================================================
June 24, 2015 4:21:36 PM CEST

=============================================================================
June 24, 2015 4:24:19 PM CEST

=============================================================================
June 24, 2015 4:24:54 PM CEST

java.lang.NullPointerException
	at java.awt.Container.addImpl(Container.java:1090)
	at java.awt.Container.add(Container.java:410)
	at AuthUserLogin.<init>(AuthUserLogin.java:104)
	at TransferPDFPaperClouds.main(TransferPDFPaperClouds.java:74)
=============================================================================
June 24, 2015 4:25:02 PM CEST

java.lang.NullPointerException
	at java.awt.Container.addImpl(Container.java:1090)
	at java.awt.Container.add(Container.java:410)
	at AuthUserLogin.<init>(AuthUserLogin.java:104)
	at TransferPDFPaperClouds.main(TransferPDFPaperClouds.java:74)
=============================================================================
June 24, 2015 4:25:08 PM CEST

java.lang.NullPointerException
	at java.awt.Container.addImpl(Container.java:1090)
	at java.awt.Container.add(Container.java:410)
	at AuthUserLogin.<init>(AuthUserLogin.java:104)
	at TransferPDFPaperClouds.main(TransferPDFPaperClouds.java:74)
=============================================================================
June 24, 2015 4:25:19 PM CEST

java.lang.NullPointerException
	at java.awt.Container.addImpl(Container.java:1090)
	at java.awt.Container.add(Container.java:410)
	at AuthUserLogin.<init>(AuthUserLogin.java:104)
	at TransferPDFPaperClouds.main(TransferPDFPaperClouds.java:74)
=============================================================================
June 24, 2015 4:26:47 PM CEST

=============================================================================
June 24, 2015 4:27:48 PM CEST

=============================================================================
June 24, 2015 4:28:39 PM CEST

=============================================================================
June 24, 2015 4:29:07 PM CEST

=============================================================================
June 24, 2015 4:39:58 PM CEST

=============================================================================
June 24, 2015 4:52:30 PM CEST

=============================================================================
June 24, 2015 4:53:01 PM CEST

=============================================================================
June 24, 2015 4:54:21 PM CEST

=============================================================================
June 24, 2015 4:54:42 PM CEST

=============================================================================
June 24, 2015 4:55:19 PM CEST

=============================================================================
June 24, 2015 4:55:40 PM CEST

=============================================================================
June 24, 2015 4:56:05 PM CEST

=============================================================================
June 24, 2015 4:56:51 PM CEST

=============================================================================
June 24, 2015 4:59:23 PM CEST

=============================================================================
June 24, 2015 4:59:51 PM CEST

=============================================================================
June 24, 2015 5:00:35 PM CEST

=============================================================================
June 24, 2015 5:02:03 PM CEST

